<?xml version="1.0" encoding="UTF-8"?>
<testsuite xmlns:xsi="http://www.w3.org/2001/XMLSchema-instance" xsi:noNamespaceSchemaLocation="https://maven.apache.org/surefire/maven-surefire-plugin/xsd/surefire-test-report.xsd" name="v2.button.panic.CosmicFinalExamTest" time="0.026" tests="31" errors="0" skipped="0" failures="0">
  <properties>
    <property name="java.specification.version" value="23"/>
    <property name="sun.jnu.encoding" value="UTF-8"/>
    <property name="java.class.path" value="/Users/denzhedzebu/Desktop/Panik-Button-V2/target/test-classes:/Users/denzhedzebu/Desktop/Panik-Button-V2/target/classes:/Users/denzhedzebu/.m2/repository/junit/junit/4.11/junit-4.11.jar:/Users/denzhedzebu/.m2/repository/org/hamcrest/hamcrest-core/1.3/hamcrest-core-1.3.jar:/Users/denzhedzebu/.m2/repository/org/junit/jupiter/junit-jupiter/5.9.2/junit-jupiter-5.9.2.jar:/Users/denzhedzebu/.m2/repository/org/junit/jupiter/junit-jupiter-api/5.9.2/junit-jupiter-api-5.9.2.jar:/Users/denzhedzebu/.m2/repository/org/opentest4j/opentest4j/1.2.0/opentest4j-1.2.0.jar:/Users/denzhedzebu/.m2/repository/org/junit/platform/junit-platform-commons/1.9.2/junit-platform-commons-1.9.2.jar:/Users/denzhedzebu/.m2/repository/org/apiguardian/apiguardian-api/1.1.2/apiguardian-api-1.1.2.jar:/Users/denzhedzebu/.m2/repository/org/junit/jupiter/junit-jupiter-params/5.9.2/junit-jupiter-params-5.9.2.jar:/Users/denzhedzebu/.m2/repository/org/junit/jupiter/junit-jupiter-engine/5.9.2/junit-jupiter-engine-5.9.2.jar:/Users/denzhedzebu/.m2/repository/org/junit/platform/junit-platform-engine/1.9.2/junit-platform-engine-1.9.2.jar:"/>
    <property name="java.vm.vendor" value="Homebrew"/>
    <property name="sun.arch.data.model" value="64"/>
    <property name="java.vendor.url" value="https://github.com/Homebrew/homebrew-core/issues"/>
    <property name="os.name" value="Mac OS X"/>
    <property name="java.vm.specification.version" value="23"/>
    <property name="sun.java.launcher" value="SUN_STANDARD"/>
    <property name="user.country" value="US"/>
    <property name="sun.boot.library.path" value="/opt/homebrew/Cellar/openjdk/23.0.2/libexec/openjdk.jdk/Contents/Home/lib"/>
    <property name="sun.java.command" value="/Users/denzhedzebu/Desktop/Panik-Button-V2/target/surefire/surefirebooter5715590600311848893.jar /Users/denzhedzebu/Desktop/Panik-Button-V2/target/surefire 2025-06-06T08-00-42_539-jvmRun1 surefire8520065141144293177tmp surefire_015957230918048835515tmp"/>
    <property name="http.nonProxyHosts" value="local|*.local|169.254/16|*.169.254/16"/>
    <property name="jdk.debug" value="release"/>
    <property name="surefire.test.class.path" value="/Users/denzhedzebu/Desktop/Panik-Button-V2/target/test-classes:/Users/denzhedzebu/Desktop/Panik-Button-V2/target/classes:/Users/denzhedzebu/.m2/repository/junit/junit/4.11/junit-4.11.jar:/Users/denzhedzebu/.m2/repository/org/hamcrest/hamcrest-core/1.3/hamcrest-core-1.3.jar:/Users/denzhedzebu/.m2/repository/org/junit/jupiter/junit-jupiter/5.9.2/junit-jupiter-5.9.2.jar:/Users/denzhedzebu/.m2/repository/org/junit/jupiter/junit-jupiter-api/5.9.2/junit-jupiter-api-5.9.2.jar:/Users/denzhedzebu/.m2/repository/org/opentest4j/opentest4j/1.2.0/opentest4j-1.2.0.jar:/Users/denzhedzebu/.m2/repository/org/junit/platform/junit-platform-commons/1.9.2/junit-platform-commons-1.9.2.jar:/Users/denzhedzebu/.m2/repository/org/apiguardian/apiguardian-api/1.1.2/apiguardian-api-1.1.2.jar:/Users/denzhedzebu/.m2/repository/org/junit/jupiter/junit-jupiter-params/5.9.2/junit-jupiter-params-5.9.2.jar:/Users/denzhedzebu/.m2/repository/org/junit/jupiter/junit-jupiter-engine/5.9.2/junit-jupiter-engine-5.9.2.jar:/Users/denzhedzebu/.m2/repository/org/junit/platform/junit-platform-engine/1.9.2/junit-platform-engine-1.9.2.jar:"/>
    <property name="sun.cpu.endian" value="little"/>
    <property name="user.home" value="/Users/denzhedzebu"/>
    <property name="user.language" value="en"/>
    <property name="java.specification.vendor" value="Oracle Corporation"/>
    <property name="java.version.date" value="2025-01-21"/>
    <property name="java.home" value="/opt/homebrew/Cellar/openjdk/23.0.2/libexec/openjdk.jdk/Contents/Home"/>
    <property name="file.separator" value="/"/>
    <property name="basedir" value="/Users/denzhedzebu/Desktop/Panik-Button-V2"/>
    <property name="java.vm.compressedOopsMode" value="Zero based"/>
    <property name="line.separator" value="&#10;"/>
    <property name="java.vm.specification.vendor" value="Oracle Corporation"/>
    <property name="java.specification.name" value="Java Platform API Specification"/>
    <property name="apple.awt.application.name" value="ForkedBooter"/>
    <property name="surefire.real.class.path" value="/Users/denzhedzebu/Desktop/Panik-Button-V2/target/surefire/surefirebooter5715590600311848893.jar"/>
    <property name="sun.management.compiler" value="HotSpot 64-Bit Tiered Compilers"/>
    <property name="ftp.nonProxyHosts" value="local|*.local|169.254/16|*.169.254/16"/>
    <property name="java.runtime.version" value="23.0.2"/>
    <property name="user.name" value="denzhedzebu"/>
    <property name="stdout.encoding" value="UTF-8"/>
    <property name="path.separator" value=":"/>
    <property name="os.version" value="15.4.1"/>
    <property name="java.runtime.name" value="OpenJDK Runtime Environment"/>
    <property name="file.encoding" value="UTF-8"/>
    <property name="java.vm.name" value="OpenJDK 64-Bit Server VM"/>
    <property name="java.vendor.version" value="Homebrew"/>
    <property name="localRepository" value="/Users/denzhedzebu/.m2/repository"/>
    <property name="java.vendor.url.bug" value="https://github.com/Homebrew/homebrew-core/issues"/>
    <property name="java.io.tmpdir" value="/var/folders/h2/pffgkx010_lftqrm6xxf0gwr0000gn/T/"/>
    <property name="java.version" value="23.0.2"/>
    <property name="user.dir" value="/Users/denzhedzebu/Desktop/Panik-Button-V2"/>
    <property name="os.arch" value="aarch64"/>
    <property name="java.vm.specification.name" value="Java Virtual Machine Specification"/>
    <property name="native.encoding" value="UTF-8"/>
    <property name="java.library.path" value="/Users/denzhedzebu/Library/Java/Extensions:/Library/Java/Extensions:/Network/Library/Java/Extensions:/System/Library/Java/Extensions:/usr/lib/java:."/>
    <property name="java.vm.info" value="mixed mode, sharing"/>
    <property name="stderr.encoding" value="UTF-8"/>
    <property name="java.vendor" value="Homebrew"/>
    <property name="java.vm.version" value="23.0.2"/>
    <property name="sun.io.unicode.encoding" value="UnicodeBig"/>
    <property name="socksNonProxyHosts" value="local|*.local|169.254/16|*.169.254/16"/>
    <property name="java.class.version" value="67.0"/>
  </properties>
  <testcase name="testDrawPyramidStandardCase" classname="v2.button.panic.CosmicFinalExamTest" time="0.006"/>
  <testcase name="testDrawPyramidLarge" classname="v2.button.panic.CosmicFinalExamTest" time="0"/>
  <testcase name="testTagIn" classname="v2.button.panic.CosmicFinalExamTest" time="0.001"/>
  <testcase name="testVelocityExtremeValues" classname="v2.button.panic.CosmicFinalExamTest" time="0"/>
  <testcase name="testLawOfGravityZeroDistance" classname="v2.button.panic.CosmicFinalExamTest" time="0.001"/>
  <testcase name="testTagInAndTagOutDeductsDestinationFare" classname="v2.button.panic.CosmicFinalExamTest" time="0"/>
  <testcase name="testDrawPyramidZeroHeight" classname="v2.button.panic.CosmicFinalExamTest" time="0"/>
  <testcase name="testLawOfGravityStandardCase" classname="v2.button.panic.CosmicFinalExamTest" time="0"/>
  <testcase name="testCaesarCipherEdgeCases" classname="v2.button.panic.CosmicFinalExamTest" time="0"/>
  <testcase name="testLawOfGravityZeroMass" classname="v2.button.panic.CosmicFinalExamTest" time="0"/>
  <testcase name="testIsPrimeEdgeCases" classname="v2.button.panic.CosmicFinalExamTest" time="0.001"/>
  <testcase name="testIsPrimeStandardCases" classname="v2.button.panic.CosmicFinalExamTest" time="0"/>
  <testcase name="testTagOutCaseInsensitiveDestination" classname="v2.button.panic.CosmicFinalExamTest" time="0"/>
  <testcase name="testTransferRejectsNegativeBalances" classname="v2.button.panic.CosmicFinalExamTest" time="0.001"/>
  <testcase name="testVelocityRejectsZeroTime" classname="v2.button.panic.CosmicFinalExamTest" time="0"/>
  <testcase name="testWelcome" classname="v2.button.panic.CosmicFinalExamTest" time="0.001"/>
  <testcase name="testIsPrimePerformance" classname="v2.button.panic.CosmicFinalExamTest" time="0"/>
  <testcase name="testIsPrimeMethodLength" classname="v2.button.panic.CosmicFinalExamTest" time="0.005"/>
  <testcase name="testVelocityStandardCase" classname="v2.button.panic.CosmicFinalExamTest" time="0"/>
  <testcase name="testCaesarCipherStandardCase" classname="v2.button.panic.CosmicFinalExamTest" time="0"/>
  <testcase name="testTransferDeductsExactly2Orglings" classname="v2.button.panic.CosmicFinalExamTest" time="0.001"/>
  <testcase name="testDrawPyramidRejectsNegativeHeight" classname="v2.button.panic.CosmicFinalExamTest" time="0"/>
  <testcase name="testOrglingPresentationEasy" classname="v2.button.panic.CosmicFinalExamTest" time="0"/>
  <testcase name="testOrglingPresentationHard" classname="v2.button.panic.CosmicFinalExamTest" time="0"/>
  <testcase name="testTagInRejectsNegativeBalances" classname="v2.button.panic.CosmicFinalExamTest" time="0"/>
  <testcase name="testOrglingPresentationMedium" classname="v2.button.panic.CosmicFinalExamTest" time="0"/>
  <testcase name="testTagOutRejectsNegativeBalances" classname="v2.button.panic.CosmicFinalExamTest" time="0.001"/>
  <testcase name="testLawOfGravitySmallValues" classname="v2.button.panic.CosmicFinalExamTest" time="0"/>
  <testcase name="testDrawPyramidHeightOne" classname="v2.button.panic.CosmicFinalExamTest" time="0"/>
  <testcase name="testCaesarCipherNegativeShift" classname="v2.button.panic.CosmicFinalExamTest" time="0.001"/>
  <testcase name="testTagOutDeductsDestinationFare" classname="v2.button.panic.CosmicFinalExamTest" time="0"/>
</testsuite>